
**** Build of configuration Debug for project MSP430F55xx_usci_spi_standard_slave.c ****

"C:\\ti\\ccs900\\ccs\\utils\\bin\\gmake" -k -j 4 all -O 
 
Building file: "../MSP430F55xx_usci_spi_standard_slave.c"
Invoking: MSP430 Compiler
"C:/ti/ccs900/ccs/tools/compiler/ti-cgt-msp430_18.12.1.LTS/bin/cl430" -vmspx --data_model=restricted --use_hw_mpy=F5 --include_path="C:/ti/ccs900/ccs/ccs_base/msp430/include" --include_path="C:/Users/bryan/Desktop/BMS Capstone/LaunchPad/Bryan_CCS_Workspace/MSP430F55xx_usci_spi_standard_slave.c" --include_path="C:/ti/ccs900/ccs/tools/compiler/ti-cgt-msp430_18.12.1.LTS/include" --advice:power=all --define=__MSP430F5529__ -g --printf_support=minimal --diag_warning=225 --diag_wrap=off --display_error_number --silicon_errata=CPU21 --silicon_errata=CPU22 --silicon_errata=CPU23 --silicon_errata=CPU40 --preproc_with_compile --preproc_dependency="MSP430F55xx_usci_spi_standard_slave.d_raw"  "../MSP430F55xx_usci_spi_standard_slave.c"
"../MSP430F55xx_usci_spi_standard_slave.c", line 129: remark #1528-D: (ULP 3.1) Detected flag polling using UCTXIFG. Recommend using an interrupt combined with enter LPMx and ISR
"../MSP430F55xx_usci_spi_standard_slave.c", line 217: remark #1544-D: (ULP 13.1) Detected loop counting up. Recommend loops count down as detecting zeros is easier
"../MSP430F55xx_usci_spi_standard_slave.c", line 273: remark #1527-D: (ULP 2.1) Detected SW delay loop using __delay_cycles. Recommend using a timer module instead
"../MSP430F55xx_usci_spi_standard_slave.c", line 311: remark #1528-D: (ULP 3.1) Detected flag polling using PMMIFG. Recommend using an interrupt combined with enter LPMx and ISR
"../MSP430F55xx_usci_spi_standard_slave.c", line 328: remark #1528-D: (ULP 3.1) Detected flag polling using PMMIFG. Recommend using an interrupt combined with enter LPMx and ISR
"../MSP430F55xx_usci_spi_standard_slave.c", line 352: remark #1528-D: (ULP 3.1) Detected flag polling using PMMIFG. Recommend using an interrupt combined with enter LPMx and ISR
"../MSP430F55xx_usci_spi_standard_slave.c", line 368: remark #1528-D: (ULP 3.1) Detected flag polling using PMMIFG. Recommend using an interrupt combined with enter LPMx and ISR
"../MSP430F55xx_usci_spi_standard_slave.c", line 406: remark #1528-D: (ULP 3.1) Detected flag polling using PMMIFG. Recommend using an interrupt combined with enter LPMx and ISR
"../MSP430F55xx_usci_spi_standard_slave.c", line 464: warning #225-D: function "UARTinit" declared implicitly
"../MSP430F55xx_usci_spi_standard_slave.c", line 468: warning #225-D: function "UARTprintstring" declared implicitly
"../MSP430F55xx_usci_spi_standard_slave.c", line 470: warning #112-D: statement is unreachable
"../MSP430F55xx_usci_spi_standard_slave.c", line 458: remark #1527-D: (ULP 2.1) Detected SW delay loop using empty loop. Recommend using a timer module instead
"../MSP430F55xx_usci_spi_standard_slave.c", line 469: remark #1527-D: (ULP 2.1) Detected SW delay loop using empty loop. Recommend using a timer module instead
"../MSP430F55xx_usci_spi_standard_slave.c", line 487: warning #225-D: function "UARTprintstring" declared implicitly
"../MSP430F55xx_usci_spi_standard_slave.c", line 487: remark #1538-D: (ULP 10.1) ISR USCI_A0_ISR calls function UARTprintstring. Recommend moving function call away from ISR, or inlining the function, or using pragmas
"../MSP430F55xx_usci_spi_standard_slave.c", line 94: remark #1535-D: (ULP 8.1) variable "ReceiveRegAddr" is used as a constant. Recommend declaring variable as either 'static const' or 'const'
Finished building: "../MSP430F55xx_usci_spi_standard_slave.c"
 
Building target: "MSP430F55xx_usci_spi_standard_slave.c.out"
Invoking: MSP430 Linker
"C:/ti/ccs900/ccs/tools/compiler/ti-cgt-msp430_18.12.1.LTS/bin/cl430" -vmspx --data_model=restricted --use_hw_mpy=F5 --advice:power=all --define=__MSP430F5529__ -g --printf_support=minimal --diag_warning=225 --diag_wrap=off --display_error_number --silicon_errata=CPU21 --silicon_errata=CPU22 --silicon_errata=CPU23 --silicon_errata=CPU40 -z -m"MSP430F55xx_usci_spi_standard_slave.c.map" --heap_size=160 --stack_size=160 --cinit_hold_wdt=on -i"C:/ti/ccs900/ccs/ccs_base/msp430/include" -i"C:/ti/ccs900/ccs/ccs_base/msp430/lib/5xx_6xx_FRxx" -i"C:/ti/ccs900/ccs/tools/compiler/ti-cgt-msp430_18.12.1.LTS/lib" -i"C:/ti/ccs900/ccs/tools/compiler/ti-cgt-msp430_18.12.1.LTS/include" --reread_libs --diag_wrap=off --display_error_number --warn_sections --xml_link_info="MSP430F55xx_usci_spi_standard_slave.c_linkInfo.xml" --use_hw_mpy=F5 --rom_model -o "MSP430F55xx_usci_spi_standard_slave.c.out" "./MSP430F55xx_usci_spi_standard_slave.obj" "./UART_to_USB.obj" "../lnk_msp430f5529.cmd"  -llibmath.a -llibc.a 
<Linking>
remark #10372-D: (ULP 4.1) Detected uninitialized Port C in this project. Recommend initializing all unused ports to eliminate wasted current consumption on unused pins.
remark #10372-D: (ULP 4.1) Detected uninitialized Port D in this project. Recommend initializing all unused ports to eliminate wasted current consumption on unused pins.
Finished building target: "MSP430F55xx_usci_spi_standard_slave.c.out"
 

**** Build Finished ****
